2018-02-18 20:03:21.788  INFO DESKTOP-MC3QQAF --- [  restartedMain] c.f.p.a.PontoInteligenteApplication      : Starting PontoInteligenteApplication on DESKTOP-MC3QQAF with PID 8816 (E:\projetos\workspaces\PontoInteligente\target\classes started by neo in E:\projetos\workspaces\PontoInteligente)
2018-02-18 20:03:21.804  INFO DESKTOP-MC3QQAF --- [  restartedMain] c.f.p.a.PontoInteligenteApplication      : The following profiles are active: dev
2018-02-18 20:03:21.991  INFO DESKTOP-MC3QQAF --- [  restartedMain] ationConfigEmbeddedWebApplicationContext : Refreshing org.springframework.boot.context.embedded.AnnotationConfigEmbeddedWebApplicationContext@4ece80f2: startup date [Sun Feb 18 20:03:21 BRT 2018]; root of context hierarchy
2018-02-18 20:03:22.384  INFO DESKTOP-MC3QQAF --- [kground-preinit] o.h.v.i.u.Version                        : HV000001: Hibernate Validator 5.3.5.Final
2018-02-18 20:03:25.921  INFO DESKTOP-MC3QQAF --- [  restartedMain] trationDelegate$BeanPostProcessorChecker : Bean 'org.springframework.transaction.annotation.ProxyTransactionManagementConfiguration' of type [org.springframework.transaction.annotation.ProxyTransactionManagementConfiguration$$EnhancerBySpringCGLIB$$d3741794] is not eligible for getting processed by all BeanPostProcessors (for example: not eligible for auto-proxying)
2018-02-18 20:03:26.041  INFO DESKTOP-MC3QQAF --- [  restartedMain] trationDelegate$BeanPostProcessorChecker : Bean 'org.springframework.security.config.annotation.configuration.ObjectPostProcessorConfiguration' of type [org.springframework.security.config.annotation.configuration.ObjectPostProcessorConfiguration$$EnhancerBySpringCGLIB$$6c21dfce] is not eligible for getting processed by all BeanPostProcessors (for example: not eligible for auto-proxying)
2018-02-18 20:03:26.056  INFO DESKTOP-MC3QQAF --- [  restartedMain] trationDelegate$BeanPostProcessorChecker : Bean 'objectPostProcessor' of type [org.springframework.security.config.annotation.configuration.AutowireBeanFactoryObjectPostProcessor] is not eligible for getting processed by all BeanPostProcessors (for example: not eligible for auto-proxying)
2018-02-18 20:03:26.056  INFO DESKTOP-MC3QQAF --- [  restartedMain] trationDelegate$BeanPostProcessorChecker : Bean 'org.springframework.security.access.expression.method.DefaultMethodSecurityExpressionHandler@60045718' of type [org.springframework.security.access.expression.method.DefaultMethodSecurityExpressionHandler] is not eligible for getting processed by all BeanPostProcessors (for example: not eligible for auto-proxying)
2018-02-18 20:03:26.072  INFO DESKTOP-MC3QQAF --- [  restartedMain] trationDelegate$BeanPostProcessorChecker : Bean 'org.springframework.security.config.annotation.method.configuration.GlobalMethodSecurityConfiguration' of type [org.springframework.security.config.annotation.method.configuration.GlobalMethodSecurityConfiguration$$EnhancerBySpringCGLIB$$90f68280] is not eligible for getting processed by all BeanPostProcessors (for example: not eligible for auto-proxying)
2018-02-18 20:03:26.103  INFO DESKTOP-MC3QQAF --- [  restartedMain] trationDelegate$BeanPostProcessorChecker : Bean 'methodSecurityMetadataSource' of type [org.springframework.security.access.method.DelegatingMethodSecurityMetadataSource] is not eligible for getting processed by all BeanPostProcessors (for example: not eligible for auto-proxying)
2018-02-18 20:03:26.728  INFO DESKTOP-MC3QQAF --- [  restartedMain] s.b.c.e.t.TomcatEmbeddedServletContainer : Tomcat initialized with port(s): 8080 (http)
2018-02-18 20:03:26.744  INFO DESKTOP-MC3QQAF --- [  restartedMain] o.a.c.c.StandardService                  : Starting service [Tomcat]
2018-02-18 20:03:26.744  INFO DESKTOP-MC3QQAF --- [  restartedMain] o.a.c.c.StandardEngine                   : Starting Servlet Engine: Apache Tomcat/8.5.16
2018-02-18 20:03:26.947  INFO DESKTOP-MC3QQAF --- [ost-startStop-1] o.a.c.c.C.[.[.[/]                        : Initializing Spring embedded WebApplicationContext
2018-02-18 20:03:26.947  INFO DESKTOP-MC3QQAF --- [ost-startStop-1] o.s.w.c.ContextLoader                    : Root WebApplicationContext: initialization completed in 4987 ms
2018-02-18 20:03:28.620  INFO DESKTOP-MC3QQAF --- [ost-startStop-1] o.f.c.i.u.VersionPrinter                 : Flyway 3.2.1 by Boxfuse
2018-02-18 20:03:29.088  INFO DESKTOP-MC3QQAF --- [ost-startStop-1] o.f.c.i.d.DbSupportFactory               : Database: jdbc:mysql://localhost:3306/ponto_inteligente (MySQL 5.7)
2018-02-18 20:03:29.245  INFO DESKTOP-MC3QQAF --- [ost-startStop-1] o.f.c.i.c.DbValidate                     : Validated 2 migrations (execution time 00:00.110s)
2018-02-18 20:03:29.292  INFO DESKTOP-MC3QQAF --- [ost-startStop-1] o.f.c.i.c.DbMigrate                      : Current version of schema `ponto_inteligente`: 2
2018-02-18 20:03:29.292  INFO DESKTOP-MC3QQAF --- [ost-startStop-1] o.f.c.i.c.DbMigrate                      : Schema `ponto_inteligente` is up to date. No migration necessary.
2018-02-18 20:03:29.635  INFO DESKTOP-MC3QQAF --- [ost-startStop-1] j.LocalContainerEntityManagerFactoryBean : Building JPA container EntityManagerFactory for persistence unit 'default'
2018-02-18 20:03:29.675  INFO DESKTOP-MC3QQAF --- [ost-startStop-1] o.h.j.i.u.LogHelper                      : HHH000204: Processing PersistenceUnitInfo [
	name: default
	...]
2018-02-18 20:03:29.878  INFO DESKTOP-MC3QQAF --- [ost-startStop-1] o.h.Version                              : HHH000412: Hibernate Core {5.0.12.Final}
2018-02-18 20:03:29.893  INFO DESKTOP-MC3QQAF --- [ost-startStop-1] o.h.c.Environment                        : HHH000206: hibernate.properties not found
2018-02-18 20:03:29.893  INFO DESKTOP-MC3QQAF --- [ost-startStop-1] o.h.c.Environment                        : HHH000021: Bytecode provider name : javassist
2018-02-18 20:03:30.214  INFO DESKTOP-MC3QQAF --- [ost-startStop-1] o.h.a.c.Version                          : HCANN000001: Hibernate Commons Annotations {5.0.1.Final}
2018-02-18 20:03:30.621  INFO DESKTOP-MC3QQAF --- [ost-startStop-1] o.h.d.Dialect                            : HHH000400: Using dialect: org.hibernate.dialect.MySQL5Dialect
2018-02-18 20:03:31.636  INFO DESKTOP-MC3QQAF --- [ost-startStop-1] j.LocalContainerEntityManagerFactoryBean : Initialized JPA EntityManagerFactory for persistence unit 'default'
2018-02-18 20:03:32.499  INFO DESKTOP-MC3QQAF --- [ost-startStop-1] o.s.b.w.s.FilterRegistrationBean         : Mapping filter: 'characterEncodingFilter' to: [/*]
2018-02-18 20:03:32.499  INFO DESKTOP-MC3QQAF --- [ost-startStop-1] o.s.b.w.s.FilterRegistrationBean         : Mapping filter: 'hiddenHttpMethodFilter' to: [/*]
2018-02-18 20:03:32.499  INFO DESKTOP-MC3QQAF --- [ost-startStop-1] o.s.b.w.s.FilterRegistrationBean         : Mapping filter: 'httpPutFormContentFilter' to: [/*]
2018-02-18 20:03:32.499  INFO DESKTOP-MC3QQAF --- [ost-startStop-1] o.s.b.w.s.FilterRegistrationBean         : Mapping filter: 'requestContextFilter' to: [/*]
2018-02-18 20:03:32.499  INFO DESKTOP-MC3QQAF --- [ost-startStop-1] .s.DelegatingFilterProxyRegistrationBean : Mapping filter: 'springSecurityFilterChain' to: [/*]
2018-02-18 20:03:32.499  INFO DESKTOP-MC3QQAF --- [ost-startStop-1] o.s.b.w.s.FilterRegistrationBean         : Mapping filter: 'authenticationTokenFilterBean' to: [/*]
2018-02-18 20:03:32.499  INFO DESKTOP-MC3QQAF --- [ost-startStop-1] o.s.b.w.s.ServletRegistrationBean        : Mapping servlet: 'dispatcherServlet' to [/]
2018-02-18 20:03:32.515  INFO DESKTOP-MC3QQAF --- [ost-startStop-1] o.s.b.w.s.ServletRegistrationBean        : Mapping servlet: 'webServlet' to [/h2-console/*]
2018-02-18 20:03:33.981  INFO DESKTOP-MC3QQAF --- [  restartedMain] s.w.s.m.m.a.RequestMappingHandlerMapping : Mapped "{[/api/cadastrar-pf],methods=[POST]}" onto public org.springframework.http.ResponseEntity<com.ftech.pontointeligente.api.response.Response<com.ftech.pontointeligente.api.dtos.CadastroPFDto>> com.ftech.pontointeligente.api.controllers.CadastroPFController.cadastrar(com.ftech.pontointeligente.api.dtos.CadastroPFDto,org.springframework.validation.BindingResult) throws java.security.NoSuchAlgorithmException
2018-02-18 20:03:33.983  INFO DESKTOP-MC3QQAF --- [  restartedMain] s.w.s.m.m.a.RequestMappingHandlerMapping : Mapped "{[/api/cadastrar-pj],methods=[POST]}" onto public org.springframework.http.ResponseEntity<com.ftech.pontointeligente.api.response.Response<com.ftech.pontointeligente.api.dtos.CadastroPJDto>> com.ftech.pontointeligente.api.controllers.CadastroPJController.cadastrar(com.ftech.pontointeligente.api.dtos.CadastroPJDto,org.springframework.validation.BindingResult) throws java.security.NoSuchAlgorithmException
2018-02-18 20:03:33.983  INFO DESKTOP-MC3QQAF --- [  restartedMain] s.w.s.m.m.a.RequestMappingHandlerMapping : Mapped "{[/api/empresas/cnpj/{cnpj}],methods=[GET]}" onto public org.springframework.http.ResponseEntity<com.ftech.pontointeligente.api.response.Response<com.ftech.pontointeligente.api.dtos.EmpresaDto>> com.ftech.pontointeligente.api.controllers.EmpresaController.buscarPorCnpj(java.lang.String)
2018-02-18 20:03:33.983  INFO DESKTOP-MC3QQAF --- [  restartedMain] s.w.s.m.m.a.RequestMappingHandlerMapping : Mapped "{[/api/funcionarios/{id}],methods=[PUT]}" onto public org.springframework.http.ResponseEntity<com.ftech.pontointeligente.api.response.Response<com.ftech.pontointeligente.api.dtos.FuncionarioDto>> com.ftech.pontointeligente.api.controllers.FuncionarioController.atualizar(java.lang.Long,com.ftech.pontointeligente.api.dtos.FuncionarioDto,org.springframework.validation.BindingResult) throws java.security.NoSuchAlgorithmException
2018-02-18 20:03:33.983  INFO DESKTOP-MC3QQAF --- [  restartedMain] s.w.s.m.m.a.RequestMappingHandlerMapping : Mapped "{[/api/lancamentos/{id}],methods=[PUT]}" onto public org.springframework.http.ResponseEntity<com.ftech.pontointeligente.api.response.Response<com.ftech.pontointeligente.api.dtos.LancamentoDto>> com.ftech.pontointeligente.api.controllers.LancamentoController.atualizar(java.lang.Long,com.ftech.pontointeligente.api.dtos.LancamentoDto,org.springframework.validation.BindingResult) throws java.text.ParseException
2018-02-18 20:03:33.983  INFO DESKTOP-MC3QQAF --- [  restartedMain] s.w.s.m.m.a.RequestMappingHandlerMapping : Mapped "{[/api/lancamentos/{id}],methods=[DELETE]}" onto public org.springframework.http.ResponseEntity<com.ftech.pontointeligente.api.response.Response<java.lang.String>> com.ftech.pontointeligente.api.controllers.LancamentoController.remover(java.lang.Long)
2018-02-18 20:03:33.999  INFO DESKTOP-MC3QQAF --- [  restartedMain] s.w.s.m.m.a.RequestMappingHandlerMapping : Mapped "{[/api/lancamentos/{id}],methods=[GET]}" onto public org.springframework.http.ResponseEntity<com.ftech.pontointeligente.api.response.Response<com.ftech.pontointeligente.api.dtos.LancamentoDto>> com.ftech.pontointeligente.api.controllers.LancamentoController.listarPorId(java.lang.Long)
2018-02-18 20:03:33.999  INFO DESKTOP-MC3QQAF --- [  restartedMain] s.w.s.m.m.a.RequestMappingHandlerMapping : Mapped "{[/api/lancamentos],methods=[POST]}" onto public org.springframework.http.ResponseEntity<com.ftech.pontointeligente.api.response.Response<com.ftech.pontointeligente.api.dtos.LancamentoDto>> com.ftech.pontointeligente.api.controllers.LancamentoController.adicionar(com.ftech.pontointeligente.api.dtos.LancamentoDto,org.springframework.validation.BindingResult) throws java.text.ParseException
2018-02-18 20:03:33.999  INFO DESKTOP-MC3QQAF --- [  restartedMain] s.w.s.m.m.a.RequestMappingHandlerMapping : Mapped "{[/api/lancamentos/funcionario/{funcionarioId}],methods=[GET]}" onto public org.springframework.http.ResponseEntity<com.ftech.pontointeligente.api.response.Response<org.springframework.data.domain.Page<com.ftech.pontointeligente.api.dtos.LancamentoDto>>> com.ftech.pontointeligente.api.controllers.LancamentoController.listarPorFuncionarioId(java.lang.Long,int,java.lang.String,java.lang.String)
2018-02-18 20:03:33.999  INFO DESKTOP-MC3QQAF --- [  restartedMain] s.w.s.m.m.a.RequestMappingHandlerMapping : Mapped "{[/auth],methods=[POST]}" onto public org.springframework.http.ResponseEntity<com.ftech.pontointeligente.api.response.Response<com.ftech.pontointeligente.api.security.dto.TokenDto>> com.ftech.pontointeligente.api.security.controllers.AuthenticationController.gerarTokenJwt(com.ftech.pontointeligente.api.security.dto.JwtAuthenticationDto,org.springframework.validation.BindingResult) throws org.springframework.security.core.AuthenticationException
2018-02-18 20:03:33.999  INFO DESKTOP-MC3QQAF --- [  restartedMain] s.w.s.m.m.a.RequestMappingHandlerMapping : Mapped "{[/auth/refresh],methods=[POST]}" onto public org.springframework.http.ResponseEntity<com.ftech.pontointeligente.api.response.Response<com.ftech.pontointeligente.api.security.dto.TokenDto>> com.ftech.pontointeligente.api.security.controllers.AuthenticationController.gerarRefreshTokenJwt(javax.servlet.http.HttpServletRequest)
2018-02-18 20:03:33.999  INFO DESKTOP-MC3QQAF --- [  restartedMain] s.w.s.m.m.a.RequestMappingHandlerMapping : Mapped "{[/v2/api-docs],methods=[GET],produces=[application/json || application/hal+json]}" onto public org.springframework.http.ResponseEntity<springfox.documentation.spring.web.json.Json> springfox.documentation.swagger2.web.Swagger2Controller.getDocumentation(java.lang.String,javax.servlet.http.HttpServletRequest)
2018-02-18 20:03:33.999  INFO DESKTOP-MC3QQAF --- [  restartedMain] s.w.s.m.m.a.RequestMappingHandlerMapping : Mapped "{[/swagger-resources/configuration/security]}" onto org.springframework.http.ResponseEntity<springfox.documentation.swagger.web.SecurityConfiguration> springfox.documentation.swagger.web.ApiResourceController.securityConfiguration()
2018-02-18 20:03:33.999  INFO DESKTOP-MC3QQAF --- [  restartedMain] s.w.s.m.m.a.RequestMappingHandlerMapping : Mapped "{[/swagger-resources/configuration/ui]}" onto org.springframework.http.ResponseEntity<springfox.documentation.swagger.web.UiConfiguration> springfox.documentation.swagger.web.ApiResourceController.uiConfiguration()
2018-02-18 20:03:34.015  INFO DESKTOP-MC3QQAF --- [  restartedMain] s.w.s.m.m.a.RequestMappingHandlerMapping : Mapped "{[/swagger-resources]}" onto org.springframework.http.ResponseEntity<java.util.List<springfox.documentation.swagger.web.SwaggerResource>> springfox.documentation.swagger.web.ApiResourceController.swaggerResources()
2018-02-18 20:03:34.015  INFO DESKTOP-MC3QQAF --- [  restartedMain] s.w.s.m.m.a.RequestMappingHandlerMapping : Mapped "{[/error]}" onto public org.springframework.http.ResponseEntity<java.util.Map<java.lang.String, java.lang.Object>> org.springframework.boot.autoconfigure.web.BasicErrorController.error(javax.servlet.http.HttpServletRequest)
2018-02-18 20:03:34.015  INFO DESKTOP-MC3QQAF --- [  restartedMain] s.w.s.m.m.a.RequestMappingHandlerMapping : Mapped "{[/error],produces=[text/html]}" onto public org.springframework.web.servlet.ModelAndView org.springframework.boot.autoconfigure.web.BasicErrorController.errorHtml(javax.servlet.http.HttpServletRequest,javax.servlet.http.HttpServletResponse)
2018-02-18 20:03:34.405  INFO DESKTOP-MC3QQAF --- [  restartedMain] c.f.p.a.s.i.FuncionarioServiceImpl       : Buscando funcionário pelo email admin@kazale.com
2018-02-18 20:03:34.499  INFO DESKTOP-MC3QQAF --- [  restartedMain] o.h.h.i.QueryTranslatorFactoryInitiator  : HHH000397: Using ASTQueryTranslatorFactory
2018-02-18 20:03:36.104  INFO DESKTOP-MC3QQAF --- [  restartedMain] o.s.s.w.DefaultSecurityFilterChain       : Creating filter chain: org.springframework.security.web.util.matcher.AnyRequestMatcher@1, [org.springframework.security.web.context.request.async.WebAsyncManagerIntegrationFilter@3398308b, org.springframework.security.web.context.SecurityContextPersistenceFilter@8311779, org.springframework.security.web.header.HeaderWriterFilter@491c5d6f, org.springframework.security.web.authentication.logout.LogoutFilter@706a2b01, com.ftech.pontointeligente.api.security.filters.JwtAuthenticationTokenFilter@2b0397b7, org.springframework.security.web.savedrequest.RequestCacheAwareFilter@3fb17178, org.springframework.security.web.servletapi.SecurityContextHolderAwareRequestFilter@60306b56, org.springframework.security.web.authentication.AnonymousAuthenticationFilter@2ea7f162, org.springframework.security.web.session.SessionManagementFilter@7337dd7, org.springframework.security.web.access.ExceptionTranslationFilter@57a73d17, org.springframework.security.web.access.intercept.FilterSecurityInterceptor@109171b7]
2018-02-18 20:03:36.182  INFO DESKTOP-MC3QQAF --- [  restartedMain] o.s.s.w.DefaultSecurityFilterChain       : Creating filter chain: Ant [pattern='/h2-console/**'], [org.springframework.security.web.context.request.async.WebAsyncManagerIntegrationFilter@1c8d7e07, org.springframework.security.web.context.SecurityContextPersistenceFilter@7ca8ae1a, org.springframework.security.web.header.HeaderWriterFilter@13c76101, org.springframework.security.web.authentication.logout.LogoutFilter@6653f76e, org.springframework.security.web.authentication.www.BasicAuthenticationFilter@57acf834, org.springframework.security.web.savedrequest.RequestCacheAwareFilter@2122925d, org.springframework.security.web.servletapi.SecurityContextHolderAwareRequestFilter@9453011, org.springframework.security.web.authentication.AnonymousAuthenticationFilter@5eadaca9, org.springframework.security.web.session.SessionManagementFilter@6b711c04, org.springframework.security.web.access.ExceptionTranslationFilter@4f7244a6, org.springframework.security.web.access.intercept.FilterSecurityInterceptor@7228845]
2018-02-18 20:03:36.698  INFO DESKTOP-MC3QQAF --- [  restartedMain] s.w.s.m.m.a.RequestMappingHandlerAdapter : Looking for @ControllerAdvice: org.springframework.boot.context.embedded.AnnotationConfigEmbeddedWebApplicationContext@4ece80f2: startup date [Sun Feb 18 20:03:21 BRT 2018]; root of context hierarchy
2018-02-18 20:03:36.870  INFO DESKTOP-MC3QQAF --- [  restartedMain] o.s.w.s.h.SimpleUrlHandlerMapping        : Mapped URL path [/webjars/**] onto handler of type [class org.springframework.web.servlet.resource.ResourceHttpRequestHandler]
2018-02-18 20:03:36.870  INFO DESKTOP-MC3QQAF --- [  restartedMain] o.s.w.s.h.SimpleUrlHandlerMapping        : Mapped URL path [/**] onto handler of type [class org.springframework.web.servlet.resource.ResourceHttpRequestHandler]
2018-02-18 20:03:36.995  INFO DESKTOP-MC3QQAF --- [  restartedMain] o.s.w.s.h.SimpleUrlHandlerMapping        : Mapped URL path [/**/favicon.ico] onto handler of type [class org.springframework.web.servlet.resource.ResourceHttpRequestHandler]
2018-02-18 20:03:37.557  INFO DESKTOP-MC3QQAF --- [  restartedMain] o.s.b.d.a.OptionalLiveReloadServer       : LiveReload server is running on port 35729
2018-02-18 20:03:37.707  INFO DESKTOP-MC3QQAF --- [  restartedMain] o.s.j.e.a.AnnotationMBeanExporter        : Registering beans for JMX exposure on startup
2018-02-18 20:03:37.722  INFO DESKTOP-MC3QQAF --- [  restartedMain] o.s.c.s.DefaultLifecycleProcessor        : Starting beans in phase 2147483647
2018-02-18 20:03:37.722  INFO DESKTOP-MC3QQAF --- [  restartedMain] d.s.w.p.DocumentationPluginsBootstrapper : Context refreshed
2018-02-18 20:03:37.785  INFO DESKTOP-MC3QQAF --- [  restartedMain] d.s.w.p.DocumentationPluginsBootstrapper : Found 1 custom documentation plugin(s)
2018-02-18 20:03:37.816  INFO DESKTOP-MC3QQAF --- [  restartedMain] s.d.s.w.s.ApiListingReferenceScanner     : Scanning for api listing references
2018-02-18 20:03:38.167  INFO DESKTOP-MC3QQAF --- [  restartedMain] .d.s.w.r.o.CachingOperationNameGenerator : Generating unique operation named: cadastrarUsingPOST_1
2018-02-18 20:03:38.276  INFO DESKTOP-MC3QQAF --- [  restartedMain] .d.s.w.r.o.CachingOperationNameGenerator : Generating unique operation named: atualizarUsingPUT_1
2018-02-18 20:03:38.464  INFO DESKTOP-MC3QQAF --- [  restartedMain] o.a.c.h.Http11NioProtocol                : Initializing ProtocolHandler ["http-nio-8080"]
2018-02-18 20:03:38.495  INFO DESKTOP-MC3QQAF --- [  restartedMain] o.a.c.h.Http11NioProtocol                : Starting ProtocolHandler ["http-nio-8080"]
2018-02-18 20:03:38.589  INFO DESKTOP-MC3QQAF --- [  restartedMain] o.a.t.u.n.NioSelectorPool                : Using a shared selector for servlet write/read
2018-02-18 20:03:38.650  INFO DESKTOP-MC3QQAF --- [  restartedMain] s.b.c.e.t.TomcatEmbeddedServletContainer : Tomcat started on port(s): 8080 (http)
2018-02-18 20:03:38.665  INFO DESKTOP-MC3QQAF --- [  restartedMain] c.f.p.a.PontoInteligenteApplication      : Started PontoInteligenteApplication in 17.299 seconds (JVM running for 19.893)
2018-02-18 20:05:00.400  INFO DESKTOP-MC3QQAF --- [       Thread-7] ationConfigEmbeddedWebApplicationContext : Closing org.springframework.boot.context.embedded.AnnotationConfigEmbeddedWebApplicationContext@4ece80f2: startup date [Sun Feb 18 20:03:21 BRT 2018]; root of context hierarchy
2018-02-18 20:05:00.409  INFO DESKTOP-MC3QQAF --- [       Thread-7] o.s.c.s.DefaultLifecycleProcessor        : Stopping beans in phase 2147483647
2018-02-18 20:05:00.409  INFO DESKTOP-MC3QQAF --- [       Thread-7] o.s.j.e.a.AnnotationMBeanExporter        : Unregistering JMX-exposed beans on shutdown
2018-02-18 20:05:00.409  INFO DESKTOP-MC3QQAF --- [       Thread-7] j.LocalContainerEntityManagerFactoryBean : Closing JPA EntityManagerFactory for persistence unit 'default'
2018-02-18 20:05:01.528  INFO DESKTOP-MC3QQAF --- [  restartedMain] c.f.p.a.PontoInteligenteApplication      : Starting PontoInteligenteApplication on DESKTOP-MC3QQAF with PID 8816 (E:\projetos\workspaces\PontoInteligente\target\classes started by neo in E:\projetos\workspaces\PontoInteligente)
2018-02-18 20:05:01.528  INFO DESKTOP-MC3QQAF --- [  restartedMain] c.f.p.a.PontoInteligenteApplication      : The following profiles are active: dev
2018-02-18 20:05:01.543  INFO DESKTOP-MC3QQAF --- [  restartedMain] ationConfigEmbeddedWebApplicationContext : Refreshing org.springframework.boot.context.embedded.AnnotationConfigEmbeddedWebApplicationContext@3695c824: startup date [Sun Feb 18 20:05:01 BRT 2018]; root of context hierarchy
2018-02-18 20:05:03.153  INFO DESKTOP-MC3QQAF --- [  restartedMain] trationDelegate$BeanPostProcessorChecker : Bean 'org.springframework.transaction.annotation.ProxyTransactionManagementConfiguration' of type [org.springframework.transaction.annotation.ProxyTransactionManagementConfiguration$$EnhancerBySpringCGLIB$$d3741794] is not eligible for getting processed by all BeanPostProcessors (for example: not eligible for auto-proxying)
2018-02-18 20:05:03.159  INFO DESKTOP-MC3QQAF --- [  restartedMain] trationDelegate$BeanPostProcessorChecker : Bean 'org.springframework.security.config.annotation.configuration.ObjectPostProcessorConfiguration' of type [org.springframework.security.config.annotation.configuration.ObjectPostProcessorConfiguration$$EnhancerBySpringCGLIB$$6c21dfce] is not eligible for getting processed by all BeanPostProcessors (for example: not eligible for auto-proxying)
2018-02-18 20:05:03.159  INFO DESKTOP-MC3QQAF --- [  restartedMain] trationDelegate$BeanPostProcessorChecker : Bean 'objectPostProcessor' of type [org.springframework.security.config.annotation.configuration.AutowireBeanFactoryObjectPostProcessor] is not eligible for getting processed by all BeanPostProcessors (for example: not eligible for auto-proxying)
2018-02-18 20:05:03.159  INFO DESKTOP-MC3QQAF --- [  restartedMain] trationDelegate$BeanPostProcessorChecker : Bean 'org.springframework.security.access.expression.method.DefaultMethodSecurityExpressionHandler@719702e2' of type [org.springframework.security.access.expression.method.DefaultMethodSecurityExpressionHandler] is not eligible for getting processed by all BeanPostProcessors (for example: not eligible for auto-proxying)
2018-02-18 20:05:03.175  INFO DESKTOP-MC3QQAF --- [  restartedMain] trationDelegate$BeanPostProcessorChecker : Bean 'org.springframework.security.config.annotation.method.configuration.GlobalMethodSecurityConfiguration' of type [org.springframework.security.config.annotation.method.configuration.GlobalMethodSecurityConfiguration$$EnhancerBySpringCGLIB$$90f68280] is not eligible for getting processed by all BeanPostProcessors (for example: not eligible for auto-proxying)
2018-02-18 20:05:03.175  INFO DESKTOP-MC3QQAF --- [  restartedMain] trationDelegate$BeanPostProcessorChecker : Bean 'methodSecurityMetadataSource' of type [org.springframework.security.access.method.DelegatingMethodSecurityMetadataSource] is not eligible for getting processed by all BeanPostProcessors (for example: not eligible for auto-proxying)
2018-02-18 20:05:03.409  INFO DESKTOP-MC3QQAF --- [  restartedMain] s.b.c.e.t.TomcatEmbeddedServletContainer : Tomcat initialized with port(s): 8080 (http)
2018-02-18 20:05:03.409  INFO DESKTOP-MC3QQAF --- [  restartedMain] o.a.c.c.StandardService                  : Starting service [Tomcat]
2018-02-18 20:05:03.409  INFO DESKTOP-MC3QQAF --- [  restartedMain] o.a.c.c.StandardEngine                   : Starting Servlet Engine: Apache Tomcat/8.5.16
2018-02-18 20:05:03.441  INFO DESKTOP-MC3QQAF --- [ost-startStop-1] o.a.c.c.C.[.[.[/]                        : Initializing Spring embedded WebApplicationContext
2018-02-18 20:05:03.441  INFO DESKTOP-MC3QQAF --- [ost-startStop-1] o.s.w.c.ContextLoader                    : Root WebApplicationContext: initialization completed in 1898 ms
2018-02-18 20:05:04.027  INFO DESKTOP-MC3QQAF --- [ost-startStop-1] o.f.c.i.d.DbSupportFactory               : Database: jdbc:mysql://localhost:3306/ponto_inteligente (MySQL 5.7)
2018-02-18 20:05:04.042  INFO DESKTOP-MC3QQAF --- [ost-startStop-1] o.f.c.i.c.DbValidate                     : Validated 2 migrations (execution time 00:00.015s)
2018-02-18 20:05:04.074  INFO DESKTOP-MC3QQAF --- [ost-startStop-1] o.f.c.i.c.DbMigrate                      : Current version of schema `ponto_inteligente`: 2
2018-02-18 20:05:04.074  INFO DESKTOP-MC3QQAF --- [ost-startStop-1] o.f.c.i.c.DbMigrate                      : Schema `ponto_inteligente` is up to date. No migration necessary.
2018-02-18 20:05:04.183  INFO DESKTOP-MC3QQAF --- [ost-startStop-1] j.LocalContainerEntityManagerFactoryBean : Building JPA container EntityManagerFactory for persistence unit 'default'
2018-02-18 20:05:04.183  INFO DESKTOP-MC3QQAF --- [ost-startStop-1] o.h.j.i.u.LogHelper                      : HHH000204: Processing PersistenceUnitInfo [
	name: default
	...]
2018-02-18 20:05:04.221  INFO DESKTOP-MC3QQAF --- [ost-startStop-1] o.h.d.Dialect                            : HHH000400: Using dialect: org.hibernate.dialect.MySQL5Dialect
2018-02-18 20:05:04.346  INFO DESKTOP-MC3QQAF --- [ost-startStop-1] j.LocalContainerEntityManagerFactoryBean : Initialized JPA EntityManagerFactory for persistence unit 'default'
2018-02-18 20:05:04.783  INFO DESKTOP-MC3QQAF --- [ost-startStop-1] o.s.b.w.s.FilterRegistrationBean         : Mapping filter: 'characterEncodingFilter' to: [/*]
2018-02-18 20:05:04.783  INFO DESKTOP-MC3QQAF --- [ost-startStop-1] o.s.b.w.s.FilterRegistrationBean         : Mapping filter: 'hiddenHttpMethodFilter' to: [/*]
2018-02-18 20:05:04.783  INFO DESKTOP-MC3QQAF --- [ost-startStop-1] o.s.b.w.s.FilterRegistrationBean         : Mapping filter: 'httpPutFormContentFilter' to: [/*]
2018-02-18 20:05:04.783  INFO DESKTOP-MC3QQAF --- [ost-startStop-1] o.s.b.w.s.FilterRegistrationBean         : Mapping filter: 'requestContextFilter' to: [/*]
2018-02-18 20:05:04.783  INFO DESKTOP-MC3QQAF --- [ost-startStop-1] .s.DelegatingFilterProxyRegistrationBean : Mapping filter: 'springSecurityFilterChain' to: [/*]
2018-02-18 20:05:04.783  INFO DESKTOP-MC3QQAF --- [ost-startStop-1] o.s.b.w.s.FilterRegistrationBean         : Mapping filter: 'authenticationTokenFilterBean' to: [/*]
2018-02-18 20:05:04.783  INFO DESKTOP-MC3QQAF --- [ost-startStop-1] o.s.b.w.s.ServletRegistrationBean        : Mapping servlet: 'dispatcherServlet' to [/]
2018-02-18 20:05:04.783  INFO DESKTOP-MC3QQAF --- [ost-startStop-1] o.s.b.w.s.ServletRegistrationBean        : Mapping servlet: 'webServlet' to [/h2-console/*]
2018-02-18 20:05:05.230  INFO DESKTOP-MC3QQAF --- [  restartedMain] s.w.s.m.m.a.RequestMappingHandlerMapping : Mapped "{[/api/cadastrar-pf],methods=[POST]}" onto public org.springframework.http.ResponseEntity<com.ftech.pontointeligente.api.response.Response<com.ftech.pontointeligente.api.dtos.CadastroPFDto>> com.ftech.pontointeligente.api.controllers.CadastroPFController.cadastrar(com.ftech.pontointeligente.api.dtos.CadastroPFDto,org.springframework.validation.BindingResult) throws java.security.NoSuchAlgorithmException
2018-02-18 20:05:05.241  INFO DESKTOP-MC3QQAF --- [  restartedMain] s.w.s.m.m.a.RequestMappingHandlerMapping : Mapped "{[/api/cadastrar-pj],methods=[POST]}" onto public org.springframework.http.ResponseEntity<com.ftech.pontointeligente.api.response.Response<com.ftech.pontointeligente.api.dtos.CadastroPJDto>> com.ftech.pontointeligente.api.controllers.CadastroPJController.cadastrar(com.ftech.pontointeligente.api.dtos.CadastroPJDto,org.springframework.validation.BindingResult) throws java.security.NoSuchAlgorithmException
2018-02-18 20:05:05.243  INFO DESKTOP-MC3QQAF --- [  restartedMain] s.w.s.m.m.a.RequestMappingHandlerMapping : Mapped "{[/api/empresas/cnpj/{cnpj}],methods=[GET]}" onto public org.springframework.http.ResponseEntity<com.ftech.pontointeligente.api.response.Response<com.ftech.pontointeligente.api.dtos.EmpresaDto>> com.ftech.pontointeligente.api.controllers.EmpresaController.buscarPorCnpj(java.lang.String)
2018-02-18 20:05:05.243  INFO DESKTOP-MC3QQAF --- [  restartedMain] s.w.s.m.m.a.RequestMappingHandlerMapping : Mapped "{[/api/funcionarios/{id}],methods=[PUT]}" onto public org.springframework.http.ResponseEntity<com.ftech.pontointeligente.api.response.Response<com.ftech.pontointeligente.api.dtos.FuncionarioDto>> com.ftech.pontointeligente.api.controllers.FuncionarioController.atualizar(java.lang.Long,com.ftech.pontointeligente.api.dtos.FuncionarioDto,org.springframework.validation.BindingResult) throws java.security.NoSuchAlgorithmException
2018-02-18 20:05:05.243  INFO DESKTOP-MC3QQAF --- [  restartedMain] s.w.s.m.m.a.RequestMappingHandlerMapping : Mapped "{[/api/lancamentos/{id}],methods=[PUT]}" onto public org.springframework.http.ResponseEntity<com.ftech.pontointeligente.api.response.Response<com.ftech.pontointeligente.api.dtos.LancamentoDto>> com.ftech.pontointeligente.api.controllers.LancamentoController.atualizar(java.lang.Long,com.ftech.pontointeligente.api.dtos.LancamentoDto,org.springframework.validation.BindingResult) throws java.text.ParseException
2018-02-18 20:05:05.243  INFO DESKTOP-MC3QQAF --- [  restartedMain] s.w.s.m.m.a.RequestMappingHandlerMapping : Mapped "{[/api/lancamentos/{id}],methods=[DELETE]}" onto public org.springframework.http.ResponseEntity<com.ftech.pontointeligente.api.response.Response<java.lang.String>> com.ftech.pontointeligente.api.controllers.LancamentoController.remover(java.lang.Long)
2018-02-18 20:05:05.243  INFO DESKTOP-MC3QQAF --- [  restartedMain] s.w.s.m.m.a.RequestMappingHandlerMapping : Mapped "{[/api/lancamentos/{id}],methods=[GET]}" onto public org.springframework.http.ResponseEntity<com.ftech.pontointeligente.api.response.Response<com.ftech.pontointeligente.api.dtos.LancamentoDto>> com.ftech.pontointeligente.api.controllers.LancamentoController.listarPorId(java.lang.Long)
2018-02-18 20:05:05.243  INFO DESKTOP-MC3QQAF --- [  restartedMain] s.w.s.m.m.a.RequestMappingHandlerMapping : Mapped "{[/api/lancamentos],methods=[POST]}" onto public org.springframework.http.ResponseEntity<com.ftech.pontointeligente.api.response.Response<com.ftech.pontointeligente.api.dtos.LancamentoDto>> com.ftech.pontointeligente.api.controllers.LancamentoController.adicionar(com.ftech.pontointeligente.api.dtos.LancamentoDto,org.springframework.validation.BindingResult) throws java.text.ParseException
2018-02-18 20:05:05.243  INFO DESKTOP-MC3QQAF --- [  restartedMain] s.w.s.m.m.a.RequestMappingHandlerMapping : Mapped "{[/api/lancamentos/funcionario/{funcionarioId}],methods=[GET]}" onto public org.springframework.http.ResponseEntity<com.ftech.pontointeligente.api.response.Response<org.springframework.data.domain.Page<com.ftech.pontointeligente.api.dtos.LancamentoDto>>> com.ftech.pontointeligente.api.controllers.LancamentoController.listarPorFuncionarioId(java.lang.Long,int,java.lang.String,java.lang.String)
2018-02-18 20:05:05.243  INFO DESKTOP-MC3QQAF --- [  restartedMain] s.w.s.m.m.a.RequestMappingHandlerMapping : Mapped "{[/auth],methods=[POST]}" onto public org.springframework.http.ResponseEntity<com.ftech.pontointeligente.api.response.Response<com.ftech.pontointeligente.api.security.dto.TokenDto>> com.ftech.pontointeligente.api.security.controllers.AuthenticationController.gerarTokenJwt(com.ftech.pontointeligente.api.security.dto.JwtAuthenticationDto,org.springframework.validation.BindingResult) throws org.springframework.security.core.AuthenticationException
2018-02-18 20:05:05.243  INFO DESKTOP-MC3QQAF --- [  restartedMain] s.w.s.m.m.a.RequestMappingHandlerMapping : Mapped "{[/auth/refresh],methods=[POST]}" onto public org.springframework.http.ResponseEntity<com.ftech.pontointeligente.api.response.Response<com.ftech.pontointeligente.api.security.dto.TokenDto>> com.ftech.pontointeligente.api.security.controllers.AuthenticationController.gerarRefreshTokenJwt(javax.servlet.http.HttpServletRequest)
2018-02-18 20:05:05.243  INFO DESKTOP-MC3QQAF --- [  restartedMain] s.w.s.m.m.a.RequestMappingHandlerMapping : Mapped "{[/v2/api-docs],methods=[GET],produces=[application/json || application/hal+json]}" onto public org.springframework.http.ResponseEntity<springfox.documentation.spring.web.json.Json> springfox.documentation.swagger2.web.Swagger2Controller.getDocumentation(java.lang.String,javax.servlet.http.HttpServletRequest)
2018-02-18 20:05:05.259  INFO DESKTOP-MC3QQAF --- [  restartedMain] s.w.s.m.m.a.RequestMappingHandlerMapping : Mapped "{[/swagger-resources/configuration/security]}" onto org.springframework.http.ResponseEntity<springfox.documentation.swagger.web.SecurityConfiguration> springfox.documentation.swagger.web.ApiResourceController.securityConfiguration()
2018-02-18 20:05:05.259  INFO DESKTOP-MC3QQAF --- [  restartedMain] s.w.s.m.m.a.RequestMappingHandlerMapping : Mapped "{[/swagger-resources/configuration/ui]}" onto org.springframework.http.ResponseEntity<springfox.documentation.swagger.web.UiConfiguration> springfox.documentation.swagger.web.ApiResourceController.uiConfiguration()
2018-02-18 20:05:05.259  INFO DESKTOP-MC3QQAF --- [  restartedMain] s.w.s.m.m.a.RequestMappingHandlerMapping : Mapped "{[/swagger-resources]}" onto org.springframework.http.ResponseEntity<java.util.List<springfox.documentation.swagger.web.SwaggerResource>> springfox.documentation.swagger.web.ApiResourceController.swaggerResources()
2018-02-18 20:05:05.259  INFO DESKTOP-MC3QQAF --- [  restartedMain] s.w.s.m.m.a.RequestMappingHandlerMapping : Mapped "{[/error]}" onto public org.springframework.http.ResponseEntity<java.util.Map<java.lang.String, java.lang.Object>> org.springframework.boot.autoconfigure.web.BasicErrorController.error(javax.servlet.http.HttpServletRequest)
2018-02-18 20:05:05.259  INFO DESKTOP-MC3QQAF --- [  restartedMain] s.w.s.m.m.a.RequestMappingHandlerMapping : Mapped "{[/error],produces=[text/html]}" onto public org.springframework.web.servlet.ModelAndView org.springframework.boot.autoconfigure.web.BasicErrorController.errorHtml(javax.servlet.http.HttpServletRequest,javax.servlet.http.HttpServletResponse)
2018-02-18 20:05:05.368  INFO DESKTOP-MC3QQAF --- [  restartedMain] c.f.p.a.s.i.FuncionarioServiceImpl       : Buscando funcionário pelo email admin@kazale.com
2018-02-18 20:05:05.384  INFO DESKTOP-MC3QQAF --- [  restartedMain] o.h.h.i.QueryTranslatorFactoryInitiator  : HHH000397: Using ASTQueryTranslatorFactory
2018-02-18 20:05:05.556  INFO DESKTOP-MC3QQAF --- [  restartedMain] o.s.s.w.DefaultSecurityFilterChain       : Creating filter chain: org.springframework.security.web.util.matcher.AnyRequestMatcher@1, [org.springframework.security.web.context.request.async.WebAsyncManagerIntegrationFilter@519048c1, org.springframework.security.web.context.SecurityContextPersistenceFilter@cf036d9, org.springframework.security.web.header.HeaderWriterFilter@25fb2542, org.springframework.security.web.authentication.logout.LogoutFilter@44121b41, com.ftech.pontointeligente.api.security.filters.JwtAuthenticationTokenFilter@18bb262, org.springframework.security.web.savedrequest.RequestCacheAwareFilter@55f48c2b, org.springframework.security.web.servletapi.SecurityContextHolderAwareRequestFilter@29d972e2, org.springframework.security.web.authentication.AnonymousAuthenticationFilter@37d04b98, org.springframework.security.web.session.SessionManagementFilter@6bf0dad2, org.springframework.security.web.access.ExceptionTranslationFilter@1069269a, org.springframework.security.web.access.intercept.FilterSecurityInterceptor@33aa5c9a]
2018-02-18 20:05:05.571  INFO DESKTOP-MC3QQAF --- [  restartedMain] o.s.s.w.DefaultSecurityFilterChain       : Creating filter chain: Ant [pattern='/h2-console/**'], [org.springframework.security.web.context.request.async.WebAsyncManagerIntegrationFilter@2483c4f6, org.springframework.security.web.context.SecurityContextPersistenceFilter@5944c32, org.springframework.security.web.header.HeaderWriterFilter@35032137, org.springframework.security.web.authentication.logout.LogoutFilter@149bf0d5, org.springframework.security.web.authentication.www.BasicAuthenticationFilter@33c9cba8, org.springframework.security.web.savedrequest.RequestCacheAwareFilter@14f52af6, org.springframework.security.web.servletapi.SecurityContextHolderAwareRequestFilter@3853bbc6, org.springframework.security.web.authentication.AnonymousAuthenticationFilter@78b00dfe, org.springframework.security.web.session.SessionManagementFilter@2161b0a1, org.springframework.security.web.access.ExceptionTranslationFilter@9c31660, org.springframework.security.web.access.intercept.FilterSecurityInterceptor@1dc1b1ee]
2018-02-18 20:05:06.040  INFO DESKTOP-MC3QQAF --- [  restartedMain] s.w.s.m.m.a.RequestMappingHandlerAdapter : Looking for @ControllerAdvice: org.springframework.boot.context.embedded.AnnotationConfigEmbeddedWebApplicationContext@3695c824: startup date [Sun Feb 18 20:05:01 BRT 2018]; root of context hierarchy
2018-02-18 20:05:06.118  INFO DESKTOP-MC3QQAF --- [  restartedMain] o.s.w.s.h.SimpleUrlHandlerMapping        : Mapped URL path [/webjars/**] onto handler of type [class org.springframework.web.servlet.resource.ResourceHttpRequestHandler]
2018-02-18 20:05:06.118  INFO DESKTOP-MC3QQAF --- [  restartedMain] o.s.w.s.h.SimpleUrlHandlerMapping        : Mapped URL path [/**] onto handler of type [class org.springframework.web.servlet.resource.ResourceHttpRequestHandler]
2018-02-18 20:05:06.196  INFO DESKTOP-MC3QQAF --- [  restartedMain] o.s.w.s.h.SimpleUrlHandlerMapping        : Mapped URL path [/**/favicon.ico] onto handler of type [class org.springframework.web.servlet.resource.ResourceHttpRequestHandler]
2018-02-18 20:05:06.431  INFO DESKTOP-MC3QQAF --- [  restartedMain] o.s.b.d.a.OptionalLiveReloadServer       : LiveReload server is running on port 35729
2018-02-18 20:05:06.512  INFO DESKTOP-MC3QQAF --- [  restartedMain] o.s.j.e.a.AnnotationMBeanExporter        : Registering beans for JMX exposure on startup
2018-02-18 20:05:06.528  INFO DESKTOP-MC3QQAF --- [  restartedMain] o.s.c.s.DefaultLifecycleProcessor        : Starting beans in phase 2147483647
2018-02-18 20:05:06.528  INFO DESKTOP-MC3QQAF --- [  restartedMain] d.s.w.p.DocumentationPluginsBootstrapper : Context refreshed
2018-02-18 20:05:06.528  INFO DESKTOP-MC3QQAF --- [  restartedMain] d.s.w.p.DocumentationPluginsBootstrapper : Found 1 custom documentation plugin(s)
2018-02-18 20:05:06.528  INFO DESKTOP-MC3QQAF --- [  restartedMain] s.d.s.w.s.ApiListingReferenceScanner     : Scanning for api listing references
2018-02-18 20:05:06.606  INFO DESKTOP-MC3QQAF --- [  restartedMain] .d.s.w.r.o.CachingOperationNameGenerator : Generating unique operation named: cadastrarUsingPOST_1
2018-02-18 20:05:06.668  INFO DESKTOP-MC3QQAF --- [  restartedMain] .d.s.w.r.o.CachingOperationNameGenerator : Generating unique operation named: atualizarUsingPUT_1
2018-02-18 20:05:06.746  INFO DESKTOP-MC3QQAF --- [  restartedMain] o.a.c.h.Http11NioProtocol                : Initializing ProtocolHandler ["http-nio-8080"]
2018-02-18 20:05:06.746  INFO DESKTOP-MC3QQAF --- [  restartedMain] o.a.c.h.Http11NioProtocol                : Starting ProtocolHandler ["http-nio-8080"]
2018-02-18 20:05:06.746  INFO DESKTOP-MC3QQAF --- [  restartedMain] o.a.t.u.n.NioSelectorPool                : Using a shared selector for servlet write/read
2018-02-18 20:05:06.746  INFO DESKTOP-MC3QQAF --- [  restartedMain] s.b.c.e.t.TomcatEmbeddedServletContainer : Tomcat started on port(s): 8080 (http)
2018-02-18 20:05:06.762  INFO DESKTOP-MC3QQAF --- [  restartedMain] c.f.p.a.PontoInteligenteApplication      : Started PontoInteligenteApplication in 5.416 seconds (JVM running for 107.99)
2018-02-18 20:07:22.264  INFO DESKTOP-MC3QQAF --- [      Thread-11] ationConfigEmbeddedWebApplicationContext : Closing org.springframework.boot.context.embedded.AnnotationConfigEmbeddedWebApplicationContext@3695c824: startup date [Sun Feb 18 20:05:01 BRT 2018]; root of context hierarchy
2018-02-18 20:07:22.273  INFO DESKTOP-MC3QQAF --- [      Thread-11] o.s.c.s.DefaultLifecycleProcessor        : Stopping beans in phase 2147483647
2018-02-18 20:07:22.275  INFO DESKTOP-MC3QQAF --- [      Thread-11] o.s.j.e.a.AnnotationMBeanExporter        : Unregistering JMX-exposed beans on shutdown
2018-02-18 20:07:22.280  INFO DESKTOP-MC3QQAF --- [      Thread-11] j.LocalContainerEntityManagerFactoryBean : Closing JPA EntityManagerFactory for persistence unit 'default'
